\BOOKMARK [0][-]{chapter.1}{Motivation}{}% 1
\BOOKMARK [0][-]{chapter.2}{Background}{}% 2
\BOOKMARK [1][-]{section.2.1}{Low Earth Observation and Applications}{chapter.2}% 3
\BOOKMARK [1][-]{section.2.2}{The CubeSat Platform}{chapter.2}% 4
\BOOKMARK [1][-]{section.2.3}{Common Satellite Operations}{chapter.2}% 5
\BOOKMARK [1][-]{section.2.4}{RF Communications in Space}{chapter.2}% 6
\BOOKMARK [0][-]{chapter.3}{Requirements}{}% 7
\BOOKMARK [1][-]{section.3.1}{Adaptability}{chapter.3}% 8
\BOOKMARK [1][-]{section.3.2}{Self Contained}{chapter.3}% 9
\BOOKMARK [1][-]{section.3.3}{Open Source}{chapter.3}% 10
\BOOKMARK [1][-]{section.3.4}{Small Footprint}{chapter.3}% 11
\BOOKMARK [1][-]{section.3.5}{Low Power}{chapter.3}% 12
\BOOKMARK [0][-]{chapter.4}{Design and Results}{}% 13
\BOOKMARK [1][-]{section.4.1}{Frequency}{chapter.4}% 14
\BOOKMARK [1][-]{section.4.2}{RF Transceiver}{chapter.4}% 15
\BOOKMARK [1][-]{section.4.3}{Theory of Operations}{chapter.4}% 16
\BOOKMARK [2][-]{subsection.4.3.1}{Pre-Launch}{section.4.3}% 17
\BOOKMARK [2][-]{subsection.4.3.2}{Nominal Operation}{section.4.3}% 18
\BOOKMARK [2][-]{subsection.4.3.3}{Active Operation}{section.4.3}% 19
\BOOKMARK [1][-]{section.4.4}{Power System}{chapter.4}% 20
\BOOKMARK [0][-]{chapter.5}{Plan for Next Semester}{}% 21
\BOOKMARK [0][-]{chapter.6}{Impact on Society and Environment}{}% 22
\BOOKMARK [1][-]{section.6.1}{Use of Non-Renewable Resources}{chapter.6}% 23
\BOOKMARK [1][-]{section.6.2}{Environmental Benefits}{chapter.6}% 24
\BOOKMARK [1][-]{section.6.3}{Safety and Risk}{chapter.6}% 25
\BOOKMARK [1][-]{section.6.4}{Benefits to Society}{chapter.6}% 26
\BOOKMARK [0][-]{chapter.7}{Report on Teamwork}{}% 27
\BOOKMARK [1][-]{section.7.1}{Markus}{chapter.7}% 28
\BOOKMARK [1][-]{section.7.2}{Derek}{chapter.7}% 29
\BOOKMARK [1][-]{section.7.3}{Overall}{chapter.7}% 30
\BOOKMARK [0][-]{chapter.8}{Conclusion}{}% 31
\BOOKMARK [0][-]{chapter.9}{References}{}% 32
\BOOKMARK [0][-]{appendix.A}{Appendix}{}% 33
